Build started 5/11/2023 5:41:43 PM.
     1>Project "C:\Users\nikol\Desktop\TUe\Year3\Q4\Lab On Offensive Computer Security\get_rekt\injector\injector.vcxproj" on node 2 (build target(s)).
     1>InitializeBuildStatus:
         Creating "Debug\injector.unsuccessfulbuild" because "AlwaysCreate" was specified.
       ClCompile:
         All outputs are up-to-date.
         c:\Program Files (x86)\Microsoft Visual Studio 10.0\VC\bin\CL.exe /c /ZI /nologo /W3 /WX- /Od /Oy- /D WIN32 /D _DEBUG /D _CONSOLE /D _UNICODE /D UNICODE /Gm /EHsc /RTC1 /MDd /GS /fp:precise /Zc:wchar_t /Zc:forScope /Yu"StdAfx.h" /Fp"Debug\injector.pch" /Fo"Debug\\" /Fd"Debug\vc100.pdb" /Gd /TP /analyze- /errorReport:prompt injector.cpp
         injector.cpp
     1>c:\users\nikol\desktop\tue\year3\q4\lab on offensive computer security\get_rekt\injector\injector.cpp(78): warning C4996: 'scanf': This function or variable may be unsafe. Consider using scanf_s instead. To disable deprecation, use _CRT_SECURE_NO_WARNINGS. See online help for details.
                 c:\program files (x86)\microsoft visual studio 10.0\vc\include\stdio.h(304) : see declaration of 'scanf'
       ManifestResourceCompile:
         All outputs are up-to-date.
       Link:
         c:\Program Files (x86)\Microsoft Visual Studio 10.0\VC\bin\link.exe /ERRORREPORT:PROMPT /OUT:"C:\Users\nikol\Desktop\TUe\Year3\Q4\Lab On Offensive Computer Security\get_rekt\Debug\injector.exe" /INCREMENTAL /NOLOGO kernel32.lib user32.lib gdi32.lib winspool.lib comdlg32.lib advapi32.lib shell32.lib ole32.lib oleaut32.lib uuid.lib odbc32.lib odbccp32.lib /MANIFEST /ManifestFile:"Debug\injector.exe.intermediate.manifest" /MANIFESTUAC:"level='asInvoker' uiAccess='false'" /DEBUG /PDB:"C:\Users\nikol\Desktop\TUe\Year3\Q4\Lab On Offensive Computer Security\get_rekt\Debug\injector.pdb" /SUBSYSTEM:CONSOLE /TLBID:1 /DYNAMICBASE /NXCOMPAT /IMPLIB:"C:\Users\nikol\Desktop\TUe\Year3\Q4\Lab On Offensive Computer Security\get_rekt\Debug\injector.lib" /MACHINE:X86 Debug\injector.exe.embed.manifest.res
         Debug\injector.obj
         Debug\stdafx.obj
       Manifest:
         c:\Program Files (x86)\Microsoft SDKs\Windows\v7.0A\bin\mt.exe /nologo /verbose /out:"Debug\injector.exe.embed.manifest" /manifest Debug\injector.exe.intermediate.manifest
         All outputs are up-to-date.
       LinkEmbedManifest:
         All outputs are up-to-date.
         injector.vcxproj -> C:\Users\nikol\Desktop\TUe\Year3\Q4\Lab On Offensive Computer Security\get_rekt\Debug\injector.exe
       FinalizeBuildStatus:
         Deleting file "Debug\injector.unsuccessfulbuild".
         Touching "Debug\injector.lastbuildstate".
     1>Done Building Project "C:\Users\nikol\Desktop\TUe\Year3\Q4\Lab On Offensive Computer Security\get_rekt\injector\injector.vcxproj" (build target(s)).

Build succeeded.

Time Elapsed 00:00:00.84
